{"/Users/jayshaffer/dev/react-ability/config/setupTests.js": {"path":"/Users/jayshaffer/dev/react-ability/config/setupTests.js","statementMap":{"0":{"start":{"line":1,"column":15},"end":{"line":1,"column":32}},"1":{"start":{"line":2,"column":22},"end":{"line":2,"column":56}},"2":{"start":{"line":5,"column":0},"end":{"line":5,"column":51}}},"fnMap":{},"branchMap":{},"s":{"0":3,"1":3,"2":3},"f":{},"b":{},"_coverageSchema":"332fd63041d2c1bcb487cc26dd0d5f7d97098a6c","hash":"4cf60ecc6af2ce3b8d2d6b0b7e22f89d72b08069"}
,"/Users/jayshaffer/dev/react-ability/src/AbilityCollection.js": {"path":"/Users/jayshaffer/dev/react-ability/src/AbilityCollection.js","statementMap":{"0":{"start":{"line":10,"column":4},"end":{"line":10,"column":23}},"1":{"start":{"line":11,"column":4},"end":{"line":11,"column":22}},"2":{"start":{"line":12,"column":4},"end":{"line":12,"column":22}},"3":{"start":{"line":13,"column":4},"end":{"line":13,"column":32}},"4":{"start":{"line":14,"column":4},"end":{"line":14,"column":27}},"5":{"start":{"line":15,"column":4},"end":{"line":15,"column":18}},"6":{"start":{"line":19,"column":4},"end":{"line":21,"column":5}},"7":{"start":{"line":20,"column":6},"end":{"line":20,"column":41}},"8":{"start":{"line":25,"column":4},"end":{"line":25,"column":44}},"9":{"start":{"line":29,"column":4},"end":{"line":42,"column":5}},"10":{"start":{"line":30,"column":17},"end":{"line":30,"column":41}},"11":{"start":{"line":31,"column":22},"end":{"line":31,"column":36}},"12":{"start":{"line":32,"column":6},"end":{"line":41,"column":7}},"13":{"start":{"line":33,"column":22},"end":{"line":33,"column":34}},"14":{"start":{"line":34,"column":20},"end":{"line":34,"column":33}},"15":{"start":{"line":35,"column":8},"end":{"line":40,"column":9}},"16":{"start":{"line":36,"column":10},"end":{"line":39,"column":11}},"17":{"start":{"line":37,"column":12},"end":{"line":37,"column":55}},"18":{"start":{"line":38,"column":12},"end":{"line":38,"column":17}}},"fnMap":{"0":{"name":"(anonymous_0)","decl":{"start":{"line":9,"column":2},"end":{"line":9,"column":3}},"loc":{"start":{"line":9,"column":52},"end":{"line":16,"column":3}},"line":9},"1":{"name":"(anonymous_1)","decl":{"start":{"line":18,"column":2},"end":{"line":18,"column":3}},"loc":{"start":{"line":18,"column":20},"end":{"line":22,"column":3}},"line":18},"2":{"name":"(anonymous_2)","decl":{"start":{"line":24,"column":2},"end":{"line":24,"column":3}},"loc":{"start":{"line":24,"column":43},"end":{"line":26,"column":3}},"line":24},"3":{"name":"(anonymous_3)","decl":{"start":{"line":28,"column":2},"end":{"line":28,"column":3}},"loc":{"start":{"line":28,"column":11},"end":{"line":43,"column":3}},"line":28}},"branchMap":{"0":{"loc":{"start":{"line":36,"column":10},"end":{"line":39,"column":11}},"type":"if","locations":[{"start":{"line":36,"column":10},"end":{"line":39,"column":11}},{"start":{"line":36,"column":10},"end":{"line":39,"column":11}}],"line":36}},"s":{"0":4,"1":4,"2":4,"3":4,"4":4,"5":4,"6":4,"7":4,"8":4,"9":4,"10":5,"11":5,"12":5,"13":5,"14":5,"15":5,"16":5,"17":4,"18":4},"f":{"0":4,"1":4,"2":4,"3":4},"b":{"0":[4,1]},"_coverageSchema":"332fd63041d2c1bcb487cc26dd0d5f7d97098a6c","hash":"ef0784d3438d6ca41f1c922103c1542cb05eef13"}
,"/Users/jayshaffer/dev/react-ability/src/AbilityContext.js": {"path":"/Users/jayshaffer/dev/react-ability/src/AbilityContext.js","statementMap":{"0":{"start":{"line":5,"column":16},"end":{"line":5,"column":39}}},"fnMap":{},"branchMap":{},"s":{"0":2},"f":{},"b":{},"_coverageSchema":"332fd63041d2c1bcb487cc26dd0d5f7d97098a6c","hash":"8adcc951c1b0c6a8a5c57a99c8712674e34c97e1"}
,"/Users/jayshaffer/dev/react-ability/src/AbilityControl.js": {"path":"/Users/jayshaffer/dev/react-ability/src/AbilityControl.js","statementMap":{"0":{"start":{"line":23,"column":4},"end":{"line":28,"column":5}},"1":{"start":{"line":24,"column":6},"end":{"line":24,"column":47}},"2":{"start":{"line":27,"column":6},"end":{"line":27,"column":17}},"3":{"start":{"line":32,"column":4},"end":{"line":38,"column":5}},"4":{"start":{"line":35,"column":14},"end":{"line":35,"column":51}}},"fnMap":{"0":{"name":"(anonymous_0)","decl":{"start":{"line":22,"column":2},"end":{"line":22,"column":3}},"loc":{"start":{"line":22,"column":32},"end":{"line":29,"column":3}},"line":22},"1":{"name":"(anonymous_1)","decl":{"start":{"line":31,"column":2},"end":{"line":31,"column":3}},"loc":{"start":{"line":31,"column":10},"end":{"line":39,"column":3}},"line":31},"2":{"name":"(anonymous_2)","decl":{"start":{"line":34,"column":11},"end":{"line":34,"column":12}},"loc":{"start":{"line":35,"column":14},"end":{"line":35,"column":51}},"line":35}},"branchMap":{"0":{"loc":{"start":{"line":23,"column":4},"end":{"line":28,"column":5}},"type":"if","locations":[{"start":{"line":23,"column":4},"end":{"line":28,"column":5}},{"start":{"line":23,"column":4},"end":{"line":28,"column":5}}],"line":23}},"s":{"0":2,"1":1,"2":1,"3":2,"4":2},"f":{"0":2,"1":2,"2":2},"b":{"0":[1,1]},"_coverageSchema":"332fd63041d2c1bcb487cc26dd0d5f7d97098a6c","hash":"05be53574fd230cdd144875abf04a516906eafe9"}
,"/Users/jayshaffer/dev/react-ability/src/AbilityProvider.js": {"path":"/Users/jayshaffer/dev/react-ability/src/AbilityProvider.js","statementMap":{"0":{"start":{"line":20,"column":32},"end":{"line":20,"column":94}},"1":{"start":{"line":21,"column":6},"end":{"line":25,"column":7}}},"fnMap":{"0":{"name":"(anonymous_0)","decl":{"start":{"line":19,"column":4},"end":{"line":19,"column":5}},"loc":{"start":{"line":19,"column":13},"end":{"line":26,"column":5}},"line":19}},"branchMap":{},"s":{"0":3,"1":3},"f":{"0":3},"b":{},"_coverageSchema":"332fd63041d2c1bcb487cc26dd0d5f7d97098a6c","hash":"f7159906462e094d1578f9b41a4e9b06a23c6342"}
,"/Users/jayshaffer/dev/react-ability/src/able.js": {"path":"/Users/jayshaffer/dev/react-ability/src/able.js","statementMap":{"0":{"start":{"line":4,"column":4},"end":{"line":4,"column":74}}},"fnMap":{"0":{"name":"able","decl":{"start":{"line":3,"column":24},"end":{"line":3,"column":28}},"loc":{"start":{"line":3,"column":87},"end":{"line":5,"column":1}},"line":3}},"branchMap":{"0":{"loc":{"start":{"line":4,"column":11},"end":{"line":4,"column":74}},"type":"binary-expr","locations":[{"start":{"line":4,"column":11},"end":{"line":4,"column":28}},{"start":{"line":4,"column":32},"end":{"line":4,"column":74}}],"line":4}},"s":{"0":2},"f":{"0":2},"b":{"0":[2,2]},"_coverageSchema":"332fd63041d2c1bcb487cc26dd0d5f7d97098a6c","hash":"d0e580817c7aec9fc5bfcdd01575e3b63fe94292"}
}
