{"/Users/jayshaffer/dev/react-ability/config/setupTests.js": {"path":"/Users/jayshaffer/dev/react-ability/config/setupTests.js","statementMap":{"0":{"start":{"line":5,"column":0},"end":{"line":5,"column":50}}},"fnMap":{},"branchMap":{},"s":{"0":3},"f":{},"b":{},"_coverageSchema":"332fd63041d2c1bcb487cc26dd0d5f7d97098a6c","hash":"770c9b896d9b37c5e38fed72f08245419d8dac8a"}
,"/Users/jayshaffer/dev/react-ability/src/AbilityCollection.js": {"path":"/Users/jayshaffer/dev/react-ability/src/AbilityCollection.js","statementMap":{"0":{"start":{"line":10,"column":3},"end":{"line":10,"column":22}},"1":{"start":{"line":11,"column":3},"end":{"line":11,"column":21}},"2":{"start":{"line":12,"column":3},"end":{"line":12,"column":21}},"3":{"start":{"line":13,"column":3},"end":{"line":13,"column":31}},"4":{"start":{"line":14,"column":3},"end":{"line":14,"column":26}},"5":{"start":{"line":15,"column":3},"end":{"line":15,"column":17}},"6":{"start":{"line":19,"column":3},"end":{"line":21,"column":4}},"7":{"start":{"line":20,"column":4},"end":{"line":20,"column":39}},"8":{"start":{"line":25,"column":3},"end":{"line":25,"column":43}},"9":{"start":{"line":29,"column":3},"end":{"line":42,"column":4}},"10":{"start":{"line":30,"column":15},"end":{"line":30,"column":39}},"11":{"start":{"line":31,"column":20},"end":{"line":31,"column":34}},"12":{"start":{"line":32,"column":4},"end":{"line":41,"column":5}},"13":{"start":{"line":33,"column":19},"end":{"line":33,"column":31}},"14":{"start":{"line":34,"column":17},"end":{"line":34,"column":30}},"15":{"start":{"line":35,"column":5},"end":{"line":40,"column":6}},"16":{"start":{"line":36,"column":6},"end":{"line":39,"column":7}},"17":{"start":{"line":37,"column":7},"end":{"line":37,"column":50}},"18":{"start":{"line":38,"column":7},"end":{"line":38,"column":12}}},"fnMap":{"0":{"name":"(anonymous_0)","decl":{"start":{"line":9,"column":2},"end":{"line":9,"column":3}},"loc":{"start":{"line":9,"column":52},"end":{"line":16,"column":3}},"line":9},"1":{"name":"(anonymous_1)","decl":{"start":{"line":18,"column":2},"end":{"line":18,"column":3}},"loc":{"start":{"line":18,"column":20},"end":{"line":22,"column":3}},"line":18},"2":{"name":"(anonymous_2)","decl":{"start":{"line":24,"column":2},"end":{"line":24,"column":3}},"loc":{"start":{"line":24,"column":43},"end":{"line":26,"column":3}},"line":24},"3":{"name":"(anonymous_3)","decl":{"start":{"line":28,"column":2},"end":{"line":28,"column":3}},"loc":{"start":{"line":28,"column":11},"end":{"line":43,"column":3}},"line":28}},"branchMap":{"0":{"loc":{"start":{"line":36,"column":6},"end":{"line":39,"column":7}},"type":"if","locations":[{"start":{"line":36,"column":6},"end":{"line":39,"column":7}},{"start":{"line":36,"column":6},"end":{"line":39,"column":7}}],"line":36}},"s":{"0":4,"1":4,"2":4,"3":4,"4":4,"5":4,"6":4,"7":4,"8":4,"9":4,"10":5,"11":5,"12":5,"13":5,"14":5,"15":5,"16":5,"17":4,"18":4},"f":{"0":4,"1":4,"2":4,"3":4},"b":{"0":[4,1]},"_coverageSchema":"332fd63041d2c1bcb487cc26dd0d5f7d97098a6c","hash":"39a26b683e4fa69b362c8416c61ffd1af303881d"}
,"/Users/jayshaffer/dev/react-ability/src/AbilityContext.js": {"path":"/Users/jayshaffer/dev/react-ability/src/AbilityContext.js","statementMap":{"0":{"start":{"line":5,"column":16},"end":{"line":5,"column":39}}},"fnMap":{},"branchMap":{},"s":{"0":2},"f":{},"b":{},"_coverageSchema":"332fd63041d2c1bcb487cc26dd0d5f7d97098a6c","hash":"8adcc951c1b0c6a8a5c57a99c8712674e34c97e1"}
,"/Users/jayshaffer/dev/react-ability/src/AbilityControl.js": {"path":"/Users/jayshaffer/dev/react-ability/src/AbilityControl.js","statementMap":{"0":{"start":{"line":23,"column":3},"end":{"line":28,"column":4}},"1":{"start":{"line":24,"column":4},"end":{"line":24,"column":45}},"2":{"start":{"line":27,"column":4},"end":{"line":27,"column":15}},"3":{"start":{"line":32,"column":3},"end":{"line":38,"column":4}},"4":{"start":{"line":35,"column":6},"end":{"line":35,"column":43}}},"fnMap":{"0":{"name":"(anonymous_0)","decl":{"start":{"line":22,"column":2},"end":{"line":22,"column":3}},"loc":{"start":{"line":22,"column":32},"end":{"line":29,"column":3}},"line":22},"1":{"name":"(anonymous_1)","decl":{"start":{"line":31,"column":2},"end":{"line":31,"column":3}},"loc":{"start":{"line":31,"column":10},"end":{"line":39,"column":3}},"line":31},"2":{"name":"(anonymous_2)","decl":{"start":{"line":34,"column":6},"end":{"line":34,"column":7}},"loc":{"start":{"line":35,"column":6},"end":{"line":35,"column":43}},"line":35}},"branchMap":{"0":{"loc":{"start":{"line":23,"column":3},"end":{"line":28,"column":4}},"type":"if","locations":[{"start":{"line":23,"column":3},"end":{"line":28,"column":4}},{"start":{"line":23,"column":3},"end":{"line":28,"column":4}}],"line":23}},"s":{"0":2,"1":1,"2":1,"3":2,"4":2},"f":{"0":2,"1":2,"2":2},"b":{"0":[1,1]},"_coverageSchema":"332fd63041d2c1bcb487cc26dd0d5f7d97098a6c","hash":"513721997ca039ef022bbd16f7379d16175fa497"}
,"/Users/jayshaffer/dev/react-ability/src/AbilityProvider.js": {"path":"/Users/jayshaffer/dev/react-ability/src/AbilityProvider.js","statementMap":{"0":{"start":{"line":20,"column":31},"end":{"line":20,"column":93}},"1":{"start":{"line":21,"column":5},"end":{"line":25,"column":6}}},"fnMap":{"0":{"name":"(anonymous_0)","decl":{"start":{"line":19,"column":4},"end":{"line":19,"column":5}},"loc":{"start":{"line":19,"column":13},"end":{"line":26,"column":5}},"line":19}},"branchMap":{},"s":{"0":3,"1":3},"f":{"0":3},"b":{},"_coverageSchema":"332fd63041d2c1bcb487cc26dd0d5f7d97098a6c","hash":"dd53abceb6d088648e1c25c0ed04237bdc3295ad"}
,"/Users/jayshaffer/dev/react-ability/src/able.js": {"path":"/Users/jayshaffer/dev/react-ability/src/able.js","statementMap":{"0":{"start":{"line":4,"column":1},"end":{"line":4,"column":65}}},"fnMap":{"0":{"name":"able","decl":{"start":{"line":3,"column":24},"end":{"line":3,"column":28}},"loc":{"start":{"line":3,"column":81},"end":{"line":5,"column":1}},"line":3}},"branchMap":{"0":{"loc":{"start":{"line":4,"column":8},"end":{"line":4,"column":65}},"type":"binary-expr","locations":[{"start":{"line":4,"column":8},"end":{"line":4,"column":25}},{"start":{"line":4,"column":29},"end":{"line":4,"column":65}}],"line":4}},"s":{"0":2},"f":{"0":2},"b":{"0":[2,2]},"_coverageSchema":"332fd63041d2c1bcb487cc26dd0d5f7d97098a6c","hash":"34f1ad07aad48b28648d568d925539d66bcc8554"}
}
