TN:
SF:/Users/jayshaffer/dev/react-ability/config/setupTests.js
FNF:0
FNH:0
DA:5,3
LF:1
LH:1
BRF:0
BRH:0
end_of_record
TN:
SF:/Users/jayshaffer/dev/react-ability/src/AbilityCollection.js
FN:9,(anonymous_0)
FN:18,(anonymous_1)
FN:24,(anonymous_2)
FN:28,(anonymous_3)
FNF:4
FNH:4
FNDA:4,(anonymous_0)
FNDA:4,(anonymous_1)
FNDA:4,(anonymous_2)
FNDA:4,(anonymous_3)
DA:10,4
DA:11,4
DA:12,4
DA:13,4
DA:14,4
DA:15,4
DA:19,4
DA:20,4
DA:25,4
DA:29,4
DA:30,5
DA:31,5
DA:32,5
DA:33,5
DA:34,5
DA:35,5
DA:36,5
DA:37,4
DA:38,4
LF:19
LH:19
BRDA:36,0,0,4
BRDA:36,0,1,1
BRF:2
BRH:2
end_of_record
TN:
SF:/Users/jayshaffer/dev/react-ability/src/AbilityContext.js
FNF:0
FNH:0
DA:5,2
LF:1
LH:1
BRF:0
BRH:0
end_of_record
TN:
SF:/Users/jayshaffer/dev/react-ability/src/AbilityControl.js
FN:22,(anonymous_0)
FN:31,(anonymous_1)
FN:34,(anonymous_2)
FNF:3
FNH:3
FNDA:2,(anonymous_0)
FNDA:2,(anonymous_1)
FNDA:2,(anonymous_2)
DA:23,2
DA:24,1
DA:27,1
DA:32,2
DA:35,2
LF:5
LH:5
BRDA:23,0,0,1
BRDA:23,0,1,1
BRF:2
BRH:2
end_of_record
TN:
SF:/Users/jayshaffer/dev/react-ability/src/AbilityProvider.js
FN:19,(anonymous_0)
FNF:1
FNH:1
FNDA:3,(anonymous_0)
DA:20,3
DA:21,3
LF:2
LH:2
BRF:0
BRH:0
end_of_record
TN:
SF:/Users/jayshaffer/dev/react-ability/src/able.js
FN:3,able
FNF:1
FNH:1
FNDA:2,able
DA:4,2
LF:1
LH:1
BRDA:4,0,0,2
BRDA:4,0,1,2
BRF:2
BRH:2
end_of_record
